48062941550
14849462788
10406960238
76450615554
51417459717
64997613419
6557371679
5493807677
60289146943
29261328672
10381619391
45679501946
14646415295
7699115488
5861972730
11249850684
6338020852
28394519698
33237660016
15789097934
37644002643
5180127253
1997287116
80855782278
34839394515
5594796187
10958503160
84510518400
7546804675
13793044995
8004929669
278903342
40387513469
2861164372
11418999655
64573136372
6965203515
262958900
44533514576
102004079005
64919233266
48085301044
7329513784
2134922998
46348140548
34118536048
15975238138
54582637172
47388478543
47246660612
16686241642
1927953985
18229134633
47991513160
9413628391
12946791569
21636119957
6800309116
18582198180
37383434738
57735308832
13340882606
65515989530
21706105391
19424794507
65769420220
3174391269
3543494038
26792421228
55687283165
19814042799
35603387579
58750429490
84271480289
44694427202
6872819455
42279228704
70197756222
55953509572
53749763987
31530272901
5546813127
20787729109
4028862147
23251418658
50625681650
6841006224
90946542525
22687459613
1935984196
7619707920
37602853527
6325547248
14775184737
25449896465
1510665374
22872996263
22306346042
7420392191
12733626434
